<?xml version="1.0" encoding="UTF-8"?>
<testng-results skipped="0" failed="0" ignored="0" total="2" passed="2">
  <reporter-output>
  </reporter-output>
  <suite name="Default suite" duration-ms="29" started-at="2019-08-02T07:34:07Z" finished-at="2019-08-02T07:34:07Z">
    <groups>
    </groups>
    <test name="Default test" duration-ms="29" started-at="2019-08-02T07:34:07Z" finished-at="2019-08-02T07:34:07Z">
      <class name="Intro.sessionTestNG">
        <test-method status="PASS" signature="beforeSuite()[pri:0, instance:Intro.sessionTestNG@5d5eef3d]" name="beforeSuite" is-config="true" duration-ms="6" started-at="2019-08-02T13:04:07Z" finished-at="2019-08-02T13:04:07Z">
          <reporter-output>
          </reporter-output>
        </test-method> <!-- beforeSuite -->
        <test-method status="PASS" signature="beforeTest()[pri:0, instance:Intro.sessionTestNG@5d5eef3d]" name="beforeTest" is-config="true" duration-ms="0" started-at="2019-08-02T13:04:07Z" finished-at="2019-08-02T13:04:07Z">
          <reporter-output>
          </reporter-output>
        </test-method> <!-- beforeTest -->
        <test-method status="PASS" signature="beforeClass()[pri:0, instance:Intro.sessionTestNG@5d5eef3d]" name="beforeClass" is-config="true" duration-ms="0" started-at="2019-08-02T13:04:07Z" finished-at="2019-08-02T13:04:07Z">
          <reporter-output>
          </reporter-output>
        </test-method> <!-- beforeClass -->
        <test-method status="PASS" signature="beforeMethod()[pri:0, instance:Intro.sessionTestNG@5d5eef3d]" name="beforeMethod" is-config="true" duration-ms="1" started-at="2019-08-02T13:04:07Z" finished-at="2019-08-02T13:04:07Z">
          <reporter-output>
          </reporter-output>
        </test-method> <!-- beforeMethod -->
        <test-method status="PASS" signature="SecondTest()[pri:0, instance:Intro.sessionTestNG@5d5eef3d]" name="SecondTest" duration-ms="5" started-at="2019-08-02T13:04:07Z" finished-at="2019-08-02T13:04:07Z">
          <reporter-output>
          </reporter-output>
        </test-method> <!-- SecondTest -->
        <test-method status="PASS" signature="afterMethod()[pri:0, instance:Intro.sessionTestNG@5d5eef3d]" name="afterMethod" is-config="true" duration-ms="0" started-at="2019-08-02T13:04:07Z" finished-at="2019-08-02T13:04:07Z">
          <reporter-output>
          </reporter-output>
        </test-method> <!-- afterMethod -->
        <test-method status="PASS" signature="beforeMethod()[pri:0, instance:Intro.sessionTestNG@5d5eef3d]" name="beforeMethod" is-config="true" duration-ms="1" started-at="2019-08-02T13:04:07Z" finished-at="2019-08-02T13:04:07Z">
          <reporter-output>
          </reporter-output>
        </test-method> <!-- beforeMethod -->
        <test-method status="PASS" signature="firstTest()[pri:0, instance:Intro.sessionTestNG@5d5eef3d]" name="firstTest" duration-ms="2" started-at="2019-08-02T13:04:07Z" finished-at="2019-08-02T13:04:07Z">
          <reporter-output>
          </reporter-output>
        </test-method> <!-- firstTest -->
        <test-method status="PASS" signature="afterMethod()[pri:0, instance:Intro.sessionTestNG@5d5eef3d]" name="afterMethod" is-config="true" duration-ms="0" started-at="2019-08-02T13:04:07Z" finished-at="2019-08-02T13:04:07Z">
          <reporter-output>
          </reporter-output>
        </test-method> <!-- afterMethod -->
        <test-method status="PASS" signature="afterClass()[pri:0, instance:Intro.sessionTestNG@5d5eef3d]" name="afterClass" is-config="true" duration-ms="1" started-at="2019-08-02T13:04:07Z" finished-at="2019-08-02T13:04:07Z">
          <reporter-output>
          </reporter-output>
        </test-method> <!-- afterClass -->
        <test-method status="PASS" signature="afterTest()[pri:0, instance:Intro.sessionTestNG@5d5eef3d]" name="afterTest" is-config="true" duration-ms="0" started-at="2019-08-02T13:04:07Z" finished-at="2019-08-02T13:04:07Z">
          <reporter-output>
          </reporter-output>
        </test-method> <!-- afterTest -->
        <test-method status="PASS" signature="afterSuite()[pri:0, instance:Intro.sessionTestNG@5d5eef3d]" name="afterSuite" is-config="true" duration-ms="0" started-at="2019-08-02T13:04:07Z" finished-at="2019-08-02T13:04:07Z">
          <reporter-output>
          </reporter-output>
        </test-method> <!-- afterSuite -->
      </class> <!-- Intro.sessionTestNG -->
    </test> <!-- Default test -->
  </suite> <!-- Default suite -->
</testng-results>
