<?xml version="1.0" encoding="UTF-8"?><testrun name="TestRunner (1)" project="E2EProject" tests="5" started="5" failures="0" errors="2" ignored="4">
  <testsuite name="cucumberOptions.TestRunner" time="0.028">
    <testsuite name="Feature: Login into Application" time="0.028">
      <testsuite name="Scenario: Login to page using username and password" time="0.009" incomplete="true">
        <error>java.lang.NullPointerException&#13;
	at utilities.Base.initializeDriver(Base.java:30)&#13;
	at stepDefinations.StepDefination.initialize_driver_with_chrome_browser(StepDefination.java:24)&#13;
	at ✽.Given initialize driver with chrome browser(login.feature:4)&#13;
&#13;
</error>
        <testcase name="Given initialize driver with chrome browser" classname="Scenario: Login to page using username and password" time="0.005">
          <error>java.lang.NullPointerException&#13;
	at utilities.Base.initializeDriver(Base.java:30)&#13;
	at stepDefinations.StepDefination.initialize_driver_with_chrome_browser(StepDefination.java:24)&#13;
	at ✽.Given initialize driver with chrome browser(login.feature:4)&#13;
&#13;
</error>
        </testcase>
        <testcase name="And Navigate to &quot;http://www.qaclickacademy.com/&quot; site" classname="Scenario: Login to page using username and password" time="0.001" ignored="true"/>
        <testcase name="And Click on Login link on Home page to land on secure sign in page" classname="Scenario: Login to page using username and password" time="0.002" ignored="true"/>
        <testcase name="When user enters &quot;Username&quot; and &quot;Password&quot; and logs in" classname="Scenario: Login to page using username and password" time="0.001" ignored="true"/>
        <testcase name="Then Verfiy that user is getting Invalid Username password text" classname="Scenario: Login to page using username and password" time="0.011" ignored="true"/>
      </testsuite>
    </testsuite>
  </testsuite>
</testrun>
