<?xml version="1.0" encoding="UTF-8"?>
<testng-results skipped="0" failed="0" ignored="0" total="6" passed="6">
  <reporter-output>
  </reporter-output>
  <suite name="Suite" duration-ms="65" started-at="2020-06-16T05:20:56Z" finished-at="2020-06-16T05:20:56Z">
    <groups>
    </groups>
    <test name="Test" duration-ms="65" started-at="2020-06-16T05:20:56Z" finished-at="2020-06-16T05:20:56Z">
      <class name="StartingTestCases.AppiumTest">
        <test-method status="PASS" signature="AppiumBrowserProject()[pri:0, instance:StartingTestCases.AppiumTest@2a2d45ba]" name="AppiumBrowserProject" duration-ms="9" started-at="2020-06-16T05:20:56Z" finished-at="2020-06-16T05:20:56Z">
          <reporter-output>
          </reporter-output>
        </test-method> <!-- AppiumBrowserProject -->
        <test-method status="PASS" signature="AppiumBrowserProject2()[pri:0, instance:StartingTestCases.AppiumTest@2a2d45ba]" name="AppiumBrowserProject2" duration-ms="1" started-at="2020-06-16T05:20:56Z" finished-at="2020-06-16T05:20:56Z">
          <reporter-output>
          </reporter-output>
        </test-method> <!-- AppiumBrowserProject2 -->
      </class> <!-- StartingTestCases.AppiumTest -->
      <class name="StartingTestCases.SeleniumTest">
        <test-method status="PASS" signature="browserProject()[pri:0, instance:StartingTestCases.SeleniumTest@20e2cbe0]" name="browserProject" duration-ms="0" started-at="2020-06-16T05:20:56Z" finished-at="2020-06-16T05:20:56Z">
          <reporter-output>
          </reporter-output>
        </test-method> <!-- browserProject -->
        <test-method status="PASS" signature="browserProject2()[pri:0, instance:StartingTestCases.SeleniumTest@20e2cbe0]" name="browserProject2" duration-ms="0" started-at="2020-06-16T05:20:56Z" finished-at="2020-06-16T05:20:56Z">
          <reporter-output>
          </reporter-output>
        </test-method> <!-- browserProject2 -->
      </class> <!-- StartingTestCases.SeleniumTest -->
      <class name="StartingTestCases.APITest">
        <test-method status="PASS" signature="aPIBrowserProject()[pri:0, instance:StartingTestCases.APITest@2a5ca609]" name="aPIBrowserProject" duration-ms="2" started-at="2020-06-16T05:20:56Z" finished-at="2020-06-16T05:20:56Z">
          <reporter-output>
          </reporter-output>
        </test-method> <!-- aPIBrowserProject -->
        <test-method status="PASS" signature="aPIBrowserProject2()[pri:0, instance:StartingTestCases.APITest@2a5ca609]" name="aPIBrowserProject2" duration-ms="0" started-at="2020-06-16T05:20:56Z" finished-at="2020-06-16T05:20:56Z">
          <reporter-output>
          </reporter-output>
        </test-method> <!-- aPIBrowserProject2 -->
      </class> <!-- StartingTestCases.APITest -->
    </test> <!-- Test -->
  </suite> <!-- Suite -->
</testng-results>
