<?xml version="1.0" encoding="UTF-8"?>
<!-- Generated by org.testng.reporters.JUnitXMLReporter -->
<testsuite hostname="SHASHIPRAKASHT-w8" ignored="0" name="Test" tests="6" failures="0" timestamp="16 Jun 2020 05:20:56 GMT" time="0.065" errors="0">
  <testcase name="AppiumBrowserProject" time="0.009" classname="StartingTestCases.AppiumTest"/>
  <testcase name="AppiumBrowserProject2" time="0.001" classname="StartingTestCases.AppiumTest"/>
  <testcase name="aPIBrowserProject" time="0.002" classname="StartingTestCases.APITest"/>
  <testcase name="aPIBrowserProject2" time="0.0" classname="StartingTestCases.APITest"/>
  <testcase name="browserProject" time="0.0" classname="StartingTestCases.SeleniumTest"/>
  <testcase name="browserProject2" time="0.0" classname="StartingTestCases.SeleniumTest"/>
</testsuite> <!-- Test -->
