<?xml version="1.0" encoding="UTF-8"?>
<!-- Generated by org.testng.reporters.JUnitXMLReporter -->
<testsuite hostname="SHASHIPRAKASHT-w8" ignored="1" name="Default test" tests="2" failures="0" timestamp="15 Jun 2020 06:25:21 GMT" time="0.035" errors="0">
  <testcase name="webLogin" time="0.004" classname="Test.HomeRelatedTestCases"/>
  <testcase name="APILogin" time="0.002" classname="Test.HomeRelatedTestCases"/>
  <testcase name="mobileLogin" time="0.0" classname="Test.HomeRelatedTestCases">
    <ignored/>
  </testcase> <!-- mobileLogin -->
</testsuite> <!-- Default test -->
