<?xml version="1.0" encoding="UTF-8"?>
<!-- Generated by org.testng.reporters.JUnitXMLReporter -->
<testsuite hostname="SHASHIPRAKASHT-w8" ignored="0" name="Surefire test" tests="6" failures="0" timestamp="15 Jun 2020 11:36:36 GMT" time="0.04" errors="0">
  <testcase name="aPIBrowserProject" time="0.006" classname="StartingTestCases.APITest"/>
  <testcase name="aPIBrowserProject2" time="0.0" classname="StartingTestCases.APITest"/>
  <testcase name="AppiumBrowserProject" time="0.001" classname="StartingTestCases.AppiumTest"/>
  <testcase name="AppiumBrowserProject2" time="0.001" classname="StartingTestCases.AppiumTest"/>
  <testcase name="browserProject" time="0.001" classname="StartingTestCases.SeleniumTest"/>
  <testcase name="browserProject2" time="0.001" classname="StartingTestCases.SeleniumTest"/>
</testsuite> <!-- Surefire test -->
