<?xml version="1.0" encoding="UTF-8"?>
<testng-results skipped="0" failed="0" ignored="0" total="2" passed="2">
  <reporter-output>
  </reporter-output>
  <suite name="Default suite" duration-ms="4866" started-at="2020-06-16T06:51:44Z" finished-at="2020-06-16T06:51:49Z">
    <groups>
    </groups>
    <test name="Default test" duration-ms="4866" started-at="2020-06-16T06:51:44Z" finished-at="2020-06-16T06:51:49Z">
      <class name="StartingTestCases.AppiumTest">
        <test-method status="PASS" signature="config()[pri:0, instance:StartingTestCases.AppiumTest@5383967b]" name="config" is-config="true" duration-ms="202" started-at="2020-06-16T12:21:44Z" finished-at="2020-06-16T12:21:44Z">
          <reporter-output>
          </reporter-output>
        </test-method> <!-- config -->
        <test-method status="PASS" signature="AppiumBrowserProject()[pri:0, instance:StartingTestCases.AppiumTest@5383967b]" name="AppiumBrowserProject" duration-ms="4633" started-at="2020-06-16T12:21:44Z" finished-at="2020-06-16T12:21:49Z">
          <reporter-output>
          </reporter-output>
        </test-method> <!-- AppiumBrowserProject -->
        <test-method status="PASS" signature="AppiumBrowserProject2()[pri:0, instance:StartingTestCases.AppiumTest@5383967b]" name="AppiumBrowserProject2" duration-ms="3" started-at="2020-06-16T12:21:49Z" finished-at="2020-06-16T12:21:49Z">
          <reporter-output>
          </reporter-output>
        </test-method> <!-- AppiumBrowserProject2 -->
      </class> <!-- StartingTestCases.AppiumTest -->
    </test> <!-- Default test -->
  </suite> <!-- Default suite -->
</testng-results>
