<?xml version="1.0" encoding="UTF-8"?>
<!-- Generated by org.testng.reporters.JUnitXMLReporter -->
<testsuite hostname="SHASHIPRAKASHT-w8" ignored="6" name="Test" tests="4" failures="0" timestamp="15 Jun 2020 06:11:32 GMT" time="0.05" errors="0">
  <testcase name="test002" time="0.014" classname="Test.TestNGDemo"/>
  <testcase name="mobileLogin" time="0.002" classname="Test.HomeRelatedTestCases"/>
  <testcase name="mobileLogout" time="0.002" classname="Test.LoanRelatedTestCases"/>
  <testcase name="test003" time="0.002" classname="Test.TestNGDemo2"/>
  <testcase name="mobileLogin" time="0.0" classname="Test.LoanRelatedTestCases">
    <ignored/>
  </testcase> <!-- mobileLogin -->
  <testcase name="webLogin" time="0.0" classname="Test.HomeRelatedTestCases">
    <ignored/>
  </testcase> <!-- webLogin -->
  <testcase name="webLogin" time="0.0" classname="Test.LoanRelatedTestCases">
    <ignored/>
  </testcase> <!-- webLogin -->
  <testcase name="APILogin" time="0.0" classname="Test.HomeRelatedTestCases">
    <ignored/>
  </testcase> <!-- APILogin -->
  <testcase name="test001" time="0.0" classname="Test.TestNGDemo">
    <ignored/>
  </testcase> <!-- test001 -->
  <testcase name="APILogin" time="0.0" classname="Test.LoanRelatedTestCases">
    <ignored/>
  </testcase> <!-- APILogin -->
</testsuite> <!-- Test -->
