<?xml version="1.0" encoding="UTF-8"?>
<!-- Generated by org.testng.reporters.JUnitXMLReporter -->
<testsuite hostname="SHASHIPRAKASHT-w8" ignored="0" name="HomeLoanRelated" tests="5" failures="0" timestamp="12 Jun 2020 11:25:03 GMT" time="0.016" errors="0">
  <testcase name="test001" time="0.001" classname="Test.TestNGDemo"/>
  <testcase name="test002" time="0.001" classname="Test.TestNGDemo"/>
  <testcase name="APILogin" time="0.002" classname="Test.HomeRelatedTestCases"/>
  <testcase name="mobileLogin" time="0.002" classname="Test.HomeRelatedTestCases"/>
  <testcase name="webLogin" time="0.002" classname="Test.HomeRelatedTestCases"/>
</testsuite> <!-- HomeLoanRelated -->
