<?xml version="1.0" encoding="UTF-8"?>
<!-- Generated by org.testng.reporters.JUnitXMLReporter -->
<testsuite hostname="SHASHIPRAKASHT-w8" ignored="2" name="LoanRelated" tests="2" failures="0" timestamp="15 Jun 2020 05:49:09 GMT" time="0.032" errors="0">
  <testcase name="APILogin" time="0.008" classname="Test.LoanRelatedTestCases"/>
  <testcase name="webLogin" time="0.002" classname="Test.LoanRelatedTestCases"/>
  <testcase name="mobileLogin" time="0.0" classname="Test.LoanRelatedTestCases">
    <ignored/>
  </testcase> <!-- mobileLogin -->
  <testcase name="mobileLogout" time="0.0" classname="Test.LoanRelatedTestCases">
    <ignored/>
  </testcase> <!-- mobileLogout -->
</testsuite> <!-- LoanRelated -->
