<?xml version="1.0" encoding="UTF-8"?>
<!-- Generated by org.testng.reporters.JUnitXMLReporter -->
<testsuite hostname="SHASHIPRAKASHT-w8" ignored="0" name="Test" tests="10" failures="0" timestamp="15 Jun 2020 05:48:07 GMT" time="0.095" errors="0">
  <testcase name="APILogin" time="0.004" classname="Test.HomeRelatedTestCases"/>
  <testcase name="mobileLogin" time="0.001" classname="Test.HomeRelatedTestCases"/>
  <testcase name="webLogin" time="0.002" classname="Test.HomeRelatedTestCases"/>
  <testcase name="APILogin" time="0.003" classname="Test.LoanRelatedTestCases"/>
  <testcase name="mobileLogin" time="0.004" classname="Test.LoanRelatedTestCases"/>
  <testcase name="mobileLogout" time="0.007" classname="Test.LoanRelatedTestCases"/>
  <testcase name="webLogin" time="0.01" classname="Test.LoanRelatedTestCases"/>
  <testcase name="test001" time="0.002" classname="Test.TestNGDemo"/>
  <testcase name="test002" time="0.002" classname="Test.TestNGDemo"/>
  <testcase name="test003" time="0.001" classname="Test.TestNGDemo2"/>
</testsuite> <!-- Test -->
